<?xml version="1.0" encoding="UTF-8"?>
<testsuite name="com.test.study.springboot.dto.HelloResponseDtoTest" tests="1" skipped="0" failures="0" errors="0" timestamp="2021-07-04T06:05:31" hostname="DESKTOP-RHFUIKM" time="0.003">
  <properties/>
  <testcase name="lombok_Function_Test" classname="com.test.study.springboot.dto.HelloResponseDtoTest" time="0.003"/>
  <system-out><![CDATA[]]></system-out>
  <system-err><![CDATA[]]></system-err>
</testsuite>
