<?xml version="1.0" encoding="UTF-8"?>
<testsuite name="com.test.study.springboot.web.PostsApiControllerTest" tests="2" skipped="0" failures="0" errors="0" timestamp="2021-07-04T06:05:36" hostname="DESKTOP-RHFUIKM" time="0.208">
  <properties/>
  <testcase name="update_posts" classname="com.test.study.springboot.web.PostsApiControllerTest" time="0.163"/>
  <testcase name="register_Posts" classname="com.test.study.springboot.web.PostsApiControllerTest" time="0.043"/>
  <system-out><![CDATA[2021-07-04 15:05:36.805  INFO 15468 --- [    Test worker] .b.t.c.SpringBootTestContextBootstrapper : Neither @ContextConfiguration nor @ContextHierarchy found for test class [com.test.study.springboot.web.PostsApiControllerTest], using SpringBootContextLoader
2021-07-04 15:05:36.807  INFO 15468 --- [    Test worker] o.s.t.c.support.AbstractContextLoader    : Could not detect default resource locations for test class [com.test.study.springboot.web.PostsApiControllerTest]: no resource found for suffixes {-context.xml, Context.groovy}.
2021-07-04 15:05:36.808  INFO 15468 --- [    Test worker] t.c.s.AnnotationConfigContextLoaderUtils : Could not detect default configuration classes for test class [com.test.study.springboot.web.PostsApiControllerTest]: PostsApiControllerTest does not declare any static, non-private, non-final, nested classes annotated with @Configuration.
2021-07-04 15:05:36.812  INFO 15468 --- [    Test worker] .b.t.c.SpringBootTestContextBootstrapper : Found @SpringBootConfiguration com.test.study.springboot.Application for test class com.test.study.springboot.web.PostsApiControllerTest
2021-07-04 15:05:36.815  INFO 15468 --- [    Test worker] .b.t.c.SpringBootTestContextBootstrapper : Loaded default TestExecutionListener class names from location [META-INF/spring.factories]: [org.springframework.security.test.context.support.WithSecurityContextTestExecutionListener, org.springframework.security.test.context.support.ReactorContextTestExecutionListener, org.springframework.boot.test.autoconfigure.restdocs.RestDocsTestExecutionListener, org.springframework.boot.test.autoconfigure.web.client.MockRestServiceServerResetTestExecutionListener, org.springframework.boot.test.autoconfigure.web.servlet.MockMvcPrintOnlyOnFailureTestExecutionListener, org.springframework.boot.test.autoconfigure.web.servlet.WebDriverTestExecutionListener, org.springframework.boot.test.mock.mockito.MockitoTestExecutionListener, org.springframework.boot.test.mock.mockito.ResetMocksTestExecutionListener, org.springframework.test.context.web.ServletTestExecutionListener, org.springframework.test.context.support.DirtiesContextBeforeModesTestExecutionListener, org.springframework.test.context.support.DependencyInjectionTestExecutionListener, org.springframework.test.context.support.DirtiesContextTestExecutionListener, org.springframework.test.context.transaction.TransactionalTestExecutionListener, org.springframework.test.context.jdbc.SqlScriptsTestExecutionListener]
2021-07-04 15:05:36.817  INFO 15468 --- [    Test worker] .b.t.c.SpringBootTestContextBootstrapper : Using TestExecutionListeners: [org.springframework.test.context.web.ServletTestExecutionListener@cf25f73, org.springframework.test.context.support.DirtiesContextBeforeModesTestExecutionListener@7d40ba6c, org.springframework.boot.test.mock.mockito.MockitoTestExecutionListener@37772c66, org.springframework.boot.test.autoconfigure.SpringBootDependencyInjectionTestExecutionListener@24eb7b9b, org.springframework.test.context.support.DirtiesContextTestExecutionListener@3a7ca1b2, org.springframework.test.context.transaction.TransactionalTestExecutionListener@4297ef4b, org.springframework.test.context.jdbc.SqlScriptsTestExecutionListener@4c8def63, org.springframework.security.test.context.support.WithSecurityContextTestExecutionListener@334572ca, org.springframework.security.test.context.support.ReactorContextTestExecutionListener@6ceb2421, org.springframework.boot.test.autoconfigure.restdocs.RestDocsTestExecutionListener@11fb7340, org.springframework.boot.test.autoconfigure.web.client.MockRestServiceServerResetTestExecutionListener@322e60eb, org.springframework.boot.test.autoconfigure.web.servlet.MockMvcPrintOnlyOnFailureTestExecutionListener@2a658746, org.springframework.boot.test.autoconfigure.web.servlet.WebDriverTestExecutionListener@1f9a6407, org.springframework.boot.test.mock.mockito.ResetMocksTestExecutionListener@55b175c7]
2021-07-04 15:05:36.833  INFO 15468 --- [    Test worker] o.a.c.c.C.[Tomcat].[localhost].[/]       : Initializing Spring TestDispatcherServlet ''
2021-07-04 15:05:36.834  INFO 15468 --- [    Test worker] o.s.t.web.servlet.TestDispatcherServlet  : Initializing Servlet ''
2021-07-04 15:05:36.838  INFO 15468 --- [    Test worker] o.s.t.web.servlet.TestDispatcherServlet  : Completed initialization in 3 ms
Hibernate: insert into posts (created_date, modified_date, author, content, title) values (?, ?, ?, ?, ?)
Hibernate: select posts0_.id as id1_0_0_, posts0_.created_date as created_2_0_0_, posts0_.modified_date as modified3_0_0_, posts0_.author as author4_0_0_, posts0_.content as content5_0_0_, posts0_.title as title6_0_0_ from posts posts0_ where posts0_.id=?
Hibernate: update posts set created_date=?, modified_date=?, author=?, content=?, title=? where id=?
Hibernate: select posts0_.id as id1_0_, posts0_.created_date as created_2_0_, posts0_.modified_date as modified3_0_, posts0_.author as author4_0_, posts0_.content as content5_0_, posts0_.title as title6_0_ from posts posts0_
Hibernate: select posts0_.id as id1_0_, posts0_.created_date as created_2_0_, posts0_.modified_date as modified3_0_, posts0_.author as author4_0_, posts0_.content as content5_0_, posts0_.title as title6_0_ from posts posts0_
Hibernate: delete from posts where id=?
2021-07-04 15:05:36.994  INFO 15468 --- [    Test worker] o.a.c.c.C.[Tomcat].[localhost].[/]       : Initializing Spring TestDispatcherServlet ''
2021-07-04 15:05:36.994  INFO 15468 --- [    Test worker] o.s.t.web.servlet.TestDispatcherServlet  : Initializing Servlet ''
2021-07-04 15:05:36.999  INFO 15468 --- [    Test worker] o.s.t.web.servlet.TestDispatcherServlet  : Completed initialization in 5 ms
Hibernate: insert into posts (created_date, modified_date, author, content, title) values (?, ?, ?, ?, ?)
Hibernate: select posts0_.id as id1_0_, posts0_.created_date as created_2_0_, posts0_.modified_date as modified3_0_, posts0_.author as author4_0_, posts0_.content as content5_0_, posts0_.title as title6_0_ from posts posts0_
Hibernate: select posts0_.id as id1_0_, posts0_.created_date as created_2_0_, posts0_.modified_date as modified3_0_, posts0_.author as author4_0_, posts0_.content as content5_0_, posts0_.title as title6_0_ from posts posts0_
Hibernate: delete from posts where id=?
]]></system-out>
  <system-err><![CDATA[]]></system-err>
</testsuite>
