<?xml version="1.0" encoding="UTF-8"?>
<testsuite name="com.test.study.springboot.web.IndexControllerTest" tests="1" skipped="0" failures="0" errors="0" timestamp="2021-07-04T06:05:36" hostname="DESKTOP-RHFUIKM" time="0.395">
  <properties/>
  <testcase name="load_MainPage" classname="com.test.study.springboot.web.IndexControllerTest" time="0.395"/>
  <system-out><![CDATA[2021-07-04 15:05:31.941  INFO 15468 --- [    Test worker] .b.t.c.SpringBootTestContextBootstrapper : Neither @ContextConfiguration nor @ContextHierarchy found for test class [com.test.study.springboot.web.IndexControllerTest], using SpringBootContextLoader
2021-07-04 15:05:31.943  INFO 15468 --- [    Test worker] o.s.t.c.support.AbstractContextLoader    : Could not detect default resource locations for test class [com.test.study.springboot.web.IndexControllerTest]: no resource found for suffixes {-context.xml, Context.groovy}.
2021-07-04 15:05:31.944  INFO 15468 --- [    Test worker] t.c.s.AnnotationConfigContextLoaderUtils : Could not detect default configuration classes for test class [com.test.study.springboot.web.IndexControllerTest]: IndexControllerTest does not declare any static, non-private, non-final, nested classes annotated with @Configuration.
2021-07-04 15:05:31.961  INFO 15468 --- [    Test worker] .b.t.c.SpringBootTestContextBootstrapper : Found @SpringBootConfiguration com.test.study.springboot.Application for test class com.test.study.springboot.web.IndexControllerTest
2021-07-04 15:05:31.963  INFO 15468 --- [    Test worker] .b.t.c.SpringBootTestContextBootstrapper : Loaded default TestExecutionListener class names from location [META-INF/spring.factories]: [org.springframework.security.test.context.support.WithSecurityContextTestExecutionListener, org.springframework.security.test.context.support.ReactorContextTestExecutionListener, org.springframework.boot.test.autoconfigure.restdocs.RestDocsTestExecutionListener, org.springframework.boot.test.autoconfigure.web.client.MockRestServiceServerResetTestExecutionListener, org.springframework.boot.test.autoconfigure.web.servlet.MockMvcPrintOnlyOnFailureTestExecutionListener, org.springframework.boot.test.autoconfigure.web.servlet.WebDriverTestExecutionListener, org.springframework.boot.test.mock.mockito.MockitoTestExecutionListener, org.springframework.boot.test.mock.mockito.ResetMocksTestExecutionListener, org.springframework.test.context.web.ServletTestExecutionListener, org.springframework.test.context.support.DirtiesContextBeforeModesTestExecutionListener, org.springframework.test.context.support.DependencyInjectionTestExecutionListener, org.springframework.test.context.support.DirtiesContextTestExecutionListener, org.springframework.test.context.transaction.TransactionalTestExecutionListener, org.springframework.test.context.jdbc.SqlScriptsTestExecutionListener]
2021-07-04 15:05:31.965  INFO 15468 --- [    Test worker] .b.t.c.SpringBootTestContextBootstrapper : Using TestExecutionListeners: [org.springframework.test.context.web.ServletTestExecutionListener@36bcf55c, org.springframework.test.context.support.DirtiesContextBeforeModesTestExecutionListener@3c6de01b, org.springframework.boot.test.mock.mockito.MockitoTestExecutionListener@40ca8249, org.springframework.boot.test.autoconfigure.SpringBootDependencyInjectionTestExecutionListener@53719f6, org.springframework.test.context.support.DirtiesContextTestExecutionListener@54f00a19, org.springframework.test.context.transaction.TransactionalTestExecutionListener@74e55a4, org.springframework.test.context.jdbc.SqlScriptsTestExecutionListener@130257ce, org.springframework.security.test.context.support.WithSecurityContextTestExecutionListener@2ec704f1, org.springframework.security.test.context.support.ReactorContextTestExecutionListener@7ab363f2, org.springframework.boot.test.autoconfigure.restdocs.RestDocsTestExecutionListener@fa5ea75, org.springframework.boot.test.autoconfigure.web.client.MockRestServiceServerResetTestExecutionListener@e187068, org.springframework.boot.test.autoconfigure.web.servlet.MockMvcPrintOnlyOnFailureTestExecutionListener@18ee1dd6, org.springframework.boot.test.autoconfigure.web.servlet.WebDriverTestExecutionListener@792341ca, org.springframework.boot.test.mock.mockito.ResetMocksTestExecutionListener@59f5fad9]

  .   ____          _            __ _ _
 /\\ / ___'_ __ _ _(_)_ __  __ _ \ \ \ \
( ( )\___ | '_ | '_| | '_ \/ _` | \ \ \ \
 \\/  ___)| |_)| | | | | || (_| |  ) ) ) )
  '  |____| .__|_| |_|_| |_\__, | / / / /
 =========|_|==============|___/=/_/_/_/
 :: Spring Boot ::        (v2.1.7.RELEASE)

2021-07-04 15:05:32.040  INFO 15468 --- [    Test worker] c.t.s.s.web.IndexControllerTest          : Starting IndexControllerTest on DESKTOP-RHFUIKM with PID 15468 (started by bulle in C:\Users\bulle\Desktop\intellij_springboot)
2021-07-04 15:05:32.042  INFO 15468 --- [    Test worker] c.t.s.s.web.IndexControllerTest          : No active profile set, falling back to default profiles: default
2021-07-04 15:05:32.487  INFO 15468 --- [    Test worker] .s.d.r.c.RepositoryConfigurationDelegate : Bootstrapping Spring Data repositories in DEFAULT mode.
2021-07-04 15:05:32.548  INFO 15468 --- [    Test worker] .s.d.r.c.RepositoryConfigurationDelegate : Finished Spring Data repository scanning in 61ms. Found 2 repository interfaces.
2021-07-04 15:05:32.732  INFO 15468 --- [    Test worker] trationDelegate$BeanPostProcessorChecker : Bean 'org.springframework.transaction.annotation.ProxyTransactionManagementConfiguration' of type [org.springframework.transaction.annotation.ProxyTransactionManagementConfiguration$$EnhancerBySpringCGLIB$$ea23ddf0] is not eligible for getting processed by all BeanPostProcessors (for example: not eligible for auto-proxying)
2021-07-04 15:05:33.220  INFO 15468 --- [    Test worker] o.s.b.w.embedded.tomcat.TomcatWebServer  : Tomcat initialized with port(s): 0 (http)
2021-07-04 15:05:33.270  INFO 15468 --- [    Test worker] o.apache.catalina.core.StandardService   : Starting service [Tomcat]
2021-07-04 15:05:33.271  INFO 15468 --- [    Test worker] org.apache.catalina.core.StandardEngine  : Starting Servlet engine: [Apache Tomcat/9.0.22]
2021-07-04 15:05:33.591  INFO 15468 --- [    Test worker] o.a.c.c.C.[Tomcat].[localhost].[/]       : Initializing Spring embedded WebApplicationContext
2021-07-04 15:05:33.591  INFO 15468 --- [    Test worker] o.s.web.context.ContextLoader            : Root WebApplicationContext: initialization completed in 1542 ms
2021-07-04 15:05:33.927  INFO 15468 --- [    Test worker] com.zaxxer.hikari.HikariDataSource       : HikariPool-2 - Starting...
2021-07-04 15:05:33.929  INFO 15468 --- [    Test worker] com.zaxxer.hikari.HikariDataSource       : HikariPool-2 - Start completed.
2021-07-04 15:05:34.004  INFO 15468 --- [    Test worker] o.hibernate.jpa.internal.util.LogHelper  : HHH000204: Processing PersistenceUnitInfo [
	name: default
	...]
2021-07-04 15:05:34.030  INFO 15468 --- [    Test worker] org.hibernate.dialect.Dialect            : HHH000400: Using dialect: org.hibernate.dialect.MySQL5InnoDBDialect
Hibernate: drop table if exists posts
Hibernate: drop table if exists user
Hibernate: create table posts (id bigint not null auto_increment, created_date datetime, modified_date datetime, author varchar(255), content TEXT not null, title varchar(500) not null, primary key (id)) engine=InnoDB
Hibernate: create table user (id bigint not null auto_increment, created_date datetime, modified_date datetime, email varchar(255) not null, name varchar(255) not null, picture varchar(255), role varchar(255) not null, primary key (id)) engine=InnoDB
2021-07-04 15:05:34.128  INFO 15468 --- [    Test worker] o.h.t.schema.internal.SchemaCreatorImpl  : HHH000476: Executing import script 'org.hibernate.tool.schema.internal.exec.ScriptSourceInputNonExistentImpl@26cf7d9'
2021-07-04 15:05:34.129  INFO 15468 --- [    Test worker] j.LocalContainerEntityManagerFactoryBean : Initialized JPA EntityManagerFactory for persistence unit 'default'
2021-07-04 15:05:34.807  INFO 15468 --- [    Test worker] o.h.h.i.QueryTranslatorFactoryInitiator  : HHH000397: Using ASTQueryTranslatorFactory
2021-07-04 15:05:35.143  INFO 15468 --- [    Test worker] o.s.s.web.DefaultSecurityFilterChain     : Creating filter chain: any request, [org.springframework.security.web.context.request.async.WebAsyncManagerIntegrationFilter@1772346b, org.springframework.security.web.context.SecurityContextPersistenceFilter@3aa3a738, org.springframework.security.web.header.HeaderWriterFilter@591fda03, org.springframework.security.web.authentication.logout.LogoutFilter@379dec40, org.springframework.security.oauth2.client.web.OAuth2AuthorizationRequestRedirectFilter@646a264b, org.springframework.security.oauth2.client.web.OAuth2LoginAuthenticationFilter@2cc181dd, org.springframework.security.web.authentication.ui.DefaultLoginPageGeneratingFilter@1020031b, org.springframework.security.web.authentication.ui.DefaultLogoutPageGeneratingFilter@4c7d8f9a, org.springframework.security.web.savedrequest.RequestCacheAwareFilter@333d8805, org.springframework.security.web.servletapi.SecurityContextHolderAwareRequestFilter@14d583a3, org.springframework.security.web.authentication.AnonymousAuthenticationFilter@7990b020, org.springframework.security.web.session.SessionManagementFilter@7faf7bd1, org.springframework.security.web.access.ExceptionTranslationFilter@41e90fd6, org.springframework.security.web.access.intercept.FilterSecurityInterceptor@43bede2]
2021-07-04 15:05:35.614  INFO 15468 --- [    Test worker] o.s.s.concurrent.ThreadPoolTaskExecutor  : Initializing ExecutorService 'applicationTaskExecutor'
2021-07-04 15:05:35.639  WARN 15468 --- [    Test worker] aWebConfiguration$JpaWebMvcConfiguration : spring.jpa.open-in-view is enabled by default. Therefore, database queries may be performed during view rendering. Explicitly configure spring.jpa.open-in-view to disable this warning
2021-07-04 15:05:35.693  INFO 15468 --- [    Test worker] o.s.b.a.w.s.WelcomePageHandlerMapping    : Adding welcome page template: index
2021-07-04 15:05:36.351  INFO 15468 --- [    Test worker] s.a.ScheduledAnnotationBeanPostProcessor : No TaskScheduler/ScheduledExecutorService bean found for scheduled processing
2021-07-04 15:05:36.391  INFO 15468 --- [    Test worker] o.s.b.w.embedded.tomcat.TomcatWebServer  : Tomcat started on port(s): 5524 (http) with context path ''
2021-07-04 15:05:36.392  INFO 15468 --- [    Test worker] c.t.s.s.web.IndexControllerTest          : Started IndexControllerTest in 4.424 seconds (JVM running for 21.675)
2021-07-04 15:05:36.592  INFO 15468 --- [o-auto-1-exec-1] o.a.c.c.C.[Tomcat].[localhost].[/]       : Initializing Spring DispatcherServlet 'dispatcherServlet'
2021-07-04 15:05:36.592  INFO 15468 --- [o-auto-1-exec-1] o.s.web.servlet.DispatcherServlet        : Initializing Servlet 'dispatcherServlet'
2021-07-04 15:05:36.634  INFO 15468 --- [o-auto-1-exec-1] o.s.web.servlet.DispatcherServlet        : Completed initialization in 42 ms
Hibernate: select posts0_.id as id1_0_, posts0_.created_date as created_2_0_, posts0_.modified_date as modified3_0_, posts0_.author as author4_0_, posts0_.content as content5_0_, posts0_.title as title6_0_ from posts posts0_ order by posts0_.id DESC
]]></system-out>
  <system-err><![CDATA[]]></system-err>
</testsuite>
